<?xml version="1.0" encoding="UTF-8"?>
<coverage generated="1712652141409" clover="3.2.0">
  <project timestamp="1712652141409" name="All files">
    <metrics statements="55" coveredstatements="17" conditionals="47" coveredconditionals="7" methods="14" coveredmethods="6" elements="116" coveredelements="30" complexity="0" loc="55" ncloc="55" packages="4" files="7" classes="7"/>
    <package name="Dummy">
      <metrics statements="2" coveredstatements="2" conditionals="0" coveredconditionals="0" methods="1" coveredmethods="1"/>
      <file name="sum.js" path="/Users/clement/webDevelopmentLearning/oneLastDaceBeforeDance/AFullBlowReactRevision/React_deep_dive/03-Intro-to-React-ecosystem/src/Dummy/sum.js">
        <metrics statements="2" coveredstatements="2" conditionals="0" coveredconditionals="0" methods="1" coveredmethods="1"/>
        <line num="1" count="1" type="stmt"/>
        <line num="2" count="1" type="stmt"/>
      </file>
    </package>
    <package name="asset">
      <metrics statements="0" coveredstatements="0" conditionals="0" coveredconditionals="0" methods="0" coveredmethods="0"/>
      <file name="index.js" path="/Users/clement/webDevelopmentLearning/oneLastDaceBeforeDance/AFullBlowReactRevision/React_deep_dive/03-Intro-to-React-ecosystem/src/asset/index.js">
        <metrics statements="0" coveredstatements="0" conditionals="0" coveredconditionals="0" methods="0" coveredmethods="0"/>
      </file>
    </package>
    <package name="components">
      <metrics statements="10" coveredstatements="9" conditionals="9" coveredconditionals="7" methods="6" coveredmethods="5"/>
      <file name="About.js" path="/Users/clement/webDevelopmentLearning/oneLastDaceBeforeDance/AFullBlowReactRevision/React_deep_dive/03-Intro-to-React-ecosystem/src/components/About.js">
        <metrics statements="2" coveredstatements="2" conditionals="0" coveredconditionals="0" methods="1" coveredmethods="1"/>
        <line num="3" count="1" type="stmt"/>
        <line num="4" count="3" type="stmt"/>
      </file>
      <file name="Header.js" path="/Users/clement/webDevelopmentLearning/oneLastDaceBeforeDance/AFullBlowReactRevision/React_deep_dive/03-Intro-to-React-ecosystem/src/components/Header.js">
        <metrics statements="8" coveredstatements="7" conditionals="9" coveredconditionals="7" methods="5" coveredmethods="4"/>
        <line num="7" count="6" type="stmt"/>
        <line num="8" count="6" type="stmt"/>
        <line num="10" count="3" type="stmt"/>
        <line num="11" count="3" type="stmt"/>
        <line num="13" count="3" type="stmt"/>
        <line num="14" count="0" type="stmt"/>
        <line num="17" count="3" type="stmt"/>
        <line num="42" count="4" type="cond" truecount="2" falsecount="0"/>
      </file>
    </package>
    <package name="utils.store">
      <metrics statements="43" coveredstatements="6" conditionals="38" coveredconditionals="0" methods="7" coveredmethods="0"/>
      <file name="appStore.js" path="/Users/clement/webDevelopmentLearning/oneLastDaceBeforeDance/AFullBlowReactRevision/React_deep_dive/03-Intro-to-React-ecosystem/src/utils/store/appStore.js">
        <metrics statements="1" coveredstatements="1" conditionals="0" coveredconditionals="0" methods="0" coveredmethods="0"/>
        <line num="5" count="1" type="stmt"/>
      </file>
      <file name="cartSlice.js" path="/Users/clement/webDevelopmentLearning/oneLastDaceBeforeDance/AFullBlowReactRevision/React_deep_dive/03-Intro-to-React-ecosystem/src/utils/store/cartSlice.js">
        <metrics statements="38" coveredstatements="3" conditionals="38" coveredconditionals="0" methods="5" coveredmethods="0"/>
        <line num="3" count="1" type="stmt"/>
        <line num="7" count="1" type="stmt"/>
        <line num="12" count="0" type="stmt"/>
        <line num="14" count="0" type="cond" truecount="0" falsecount="2"/>
        <line num="15" count="0" type="cond" truecount="0" falsecount="2"/>
        <line num="17" count="0" type="cond" truecount="0" falsecount="2"/>
        <line num="18" count="0" type="stmt"/>
        <line num="19" count="0" type="stmt"/>
        <line num="22" count="0" type="stmt"/>
        <line num="23" count="0" type="stmt"/>
        <line num="25" count="0" type="cond" truecount="0" falsecount="4"/>
        <line num="26" count="0" type="stmt"/>
        <line num="27" count="0" type="cond" truecount="0" falsecount="2"/>
        <line num="28" count="0" type="cond" truecount="0" falsecount="2"/>
        <line num="30" count="0" type="cond" truecount="0" falsecount="4"/>
        <line num="31" count="0" type="stmt"/>
        <line num="32" count="0" type="cond" truecount="0" falsecount="4"/>
        <line num="33" count="0" type="stmt"/>
        <line num="35" count="0" type="stmt"/>
        <line num="39" count="0" type="stmt"/>
        <line num="40" count="0" type="stmt"/>
        <line num="42" count="0" type="cond" truecount="0" falsecount="4"/>
        <line num="43" count="0" type="stmt"/>
        <line num="45" count="0" type="cond" truecount="0" falsecount="2"/>
        <line num="46" count="0" type="cond" truecount="0" falsecount="2"/>
        <line num="48" count="0" type="stmt"/>
        <line num="49" count="0" type="stmt"/>
        <line num="53" count="0" type="stmt"/>
        <line num="54" count="0" type="stmt"/>
        <line num="56" count="0" type="cond" truecount="0" falsecount="4"/>
        <line num="57" count="0" type="stmt"/>
        <line num="59" count="0" type="cond" truecount="0" falsecount="2"/>
        <line num="60" count="0" type="cond" truecount="0" falsecount="2"/>
        <line num="62" count="0" type="stmt"/>
        <line num="64" count="0" type="stmt"/>
        <line num="68" count="0" type="stmt"/>
        <line num="69" count="0" type="stmt"/>
        <line num="80" count="1" type="stmt"/>
      </file>
      <file name="userSlice.js" path="/Users/clement/webDevelopmentLearning/oneLastDaceBeforeDance/AFullBlowReactRevision/React_deep_dive/03-Intro-to-React-ecosystem/src/utils/store/userSlice.js">
        <metrics statements="4" coveredstatements="2" conditionals="0" coveredconditionals="0" methods="2" coveredmethods="0"/>
        <line num="3" count="1" type="stmt"/>
        <line num="10" count="0" type="stmt"/>
        <line num="14" count="0" type="stmt"/>
        <line num="21" count="1" type="stmt"/>
      </file>
    </package>
  </project>
</coverage>
