{"/Users/clement/webDevelopmentLearning/oneLastDaceBeforeDance/AFullBlowReactRevision/React_deep_dive/03-Intro-to-React-ecosystem/src/Dummy/sum.js": {"path":"/Users/clement/webDevelopmentLearning/oneLastDaceBeforeDance/AFullBlowReactRevision/React_deep_dive/03-Intro-to-React-ecosystem/src/Dummy/sum.js","statementMap":{"0":{"start":{"line":1,"column":19},"end":{"line":3,"column":1}},"1":{"start":{"line":2,"column":2},"end":{"line":2,"column":15}}},"fnMap":{"0":{"name":"(anonymous_0)","decl":{"start":{"line":1,"column":19},"end":{"line":1,"column":20}},"loc":{"start":{"line":1,"column":29},"end":{"line":3,"column":1}},"line":1}},"branchMap":{},"s":{"0":1,"1":1},"f":{"0":1},"b":{},"_coverageSchema":"1a1c01bbd47fc00a2c39e90264f33305004495a9","hash":"8583b10062a1963f3baf08ac22316d023bb1f854"}
,"/Users/clement/webDevelopmentLearning/oneLastDaceBeforeDance/AFullBlowReactRevision/React_deep_dive/03-Intro-to-React-ecosystem/src/asset/index.js": {"path":"/Users/clement/webDevelopmentLearning/oneLastDaceBeforeDance/AFullBlowReactRevision/React_deep_dive/03-Intro-to-React-ecosystem/src/asset/index.js","statementMap":{},"fnMap":{},"branchMap":{},"s":{},"f":{},"b":{},"_coverageSchema":"1a1c01bbd47fc00a2c39e90264f33305004495a9","hash":"f7452ccefe37021b5e19cd5e8c01321018deab38"}
,"/Users/clement/webDevelopmentLearning/oneLastDaceBeforeDance/AFullBlowReactRevision/React_deep_dive/03-Intro-to-React-ecosystem/src/components/About.js": {"path":"/Users/clement/webDevelopmentLearning/oneLastDaceBeforeDance/AFullBlowReactRevision/React_deep_dive/03-Intro-to-React-ecosystem/src/components/About.js","statementMap":{"0":{"start":{"line":3,"column":14},"end":{"line":36,"column":1}},"1":{"start":{"line":4,"column":2},"end":{"line":35,"column":4}}},"fnMap":{"0":{"name":"(anonymous_0)","decl":{"start":{"line":3,"column":14},"end":{"line":3,"column":15}},"loc":{"start":{"line":3,"column":20},"end":{"line":36,"column":1}},"line":3}},"branchMap":{},"s":{"0":1,"1":3},"f":{"0":3},"b":{},"_coverageSchema":"1a1c01bbd47fc00a2c39e90264f33305004495a9","hash":"e472b9711dda56c23740a02a5af4d871beb760ed"}
,"/Users/clement/webDevelopmentLearning/oneLastDaceBeforeDance/AFullBlowReactRevision/React_deep_dive/03-Intro-to-React-ecosystem/src/components/Header.js": {"path":"/Users/clement/webDevelopmentLearning/oneLastDaceBeforeDance/AFullBlowReactRevision/React_deep_dive/03-Intro-to-React-ecosystem/src/components/Header.js","statementMap":{"0":{"start":{"line":7,"column":19},"end":{"line":7,"column":62}},"1":{"start":{"line":7,"column":42},"end":{"line":7,"column":61}},"2":{"start":{"line":8,"column":19},"end":{"line":8,"column":53}},"3":{"start":{"line":8,"column":42},"end":{"line":8,"column":52}},"4":{"start":{"line":10,"column":21},"end":{"line":10,"column":59}},"5":{"start":{"line":11,"column":19},"end":{"line":11,"column":32}},"6":{"start":{"line":13,"column":28},"end":{"line":15,"column":3}},"7":{"start":{"line":14,"column":4},"end":{"line":14,"column":33}},"8":{"start":{"line":17,"column":2},"end":{"line":76,"column":4}},"9":{"start":{"line":42,"column":44},"end":{"line":42,"column":68}}},"fnMap":{"0":{"name":"(anonymous_0)","decl":{"start":{"line":6,"column":24},"end":{"line":6,"column":25}},"loc":{"start":{"line":6,"column":30},"end":{"line":77,"column":1}},"line":6},"1":{"name":"(anonymous_1)","decl":{"start":{"line":7,"column":31},"end":{"line":7,"column":32}},"loc":{"start":{"line":7,"column":42},"end":{"line":7,"column":61}},"line":7},"2":{"name":"(anonymous_2)","decl":{"start":{"line":8,"column":31},"end":{"line":8,"column":32}},"loc":{"start":{"line":8,"column":42},"end":{"line":8,"column":52}},"line":8},"3":{"name":"(anonymous_3)","decl":{"start":{"line":13,"column":28},"end":{"line":13,"column":29}},"loc":{"start":{"line":13,"column":34},"end":{"line":15,"column":3}},"line":13},"4":{"name":"(anonymous_4)","decl":{"start":{"line":42,"column":25},"end":{"line":42,"column":26}},"loc":{"start":{"line":42,"column":44},"end":{"line":42,"column":68}},"line":42}},"branchMap":{"0":{"loc":{"start":{"line":28,"column":11},"end":{"line":37,"column":11}},"type":"binary-expr","locations":[{"start":{"line":28,"column":11},"end":{"line":28,"column":19}},{"start":{"line":28,"column":23},"end":{"line":28,"column":36}},{"start":{"line":29,"column":12},"end":{"line":36,"column":17}}],"line":28},"1":{"loc":{"start":{"line":42,"column":44},"end":{"line":42,"column":68}},"type":"cond-expr","locations":[{"start":{"line":42,"column":55},"end":{"line":42,"column":63}},{"start":{"line":42,"column":66},"end":{"line":42,"column":68}}],"line":42},"2":{"loc":{"start":{"line":61,"column":11},"end":{"line":72,"column":11}},"type":"cond-expr","locations":[{"start":{"line":62,"column":12},"end":{"line":64,"column":21}},{"start":{"line":66,"column":12},"end":{"line":71,"column":19}}],"line":61},"3":{"loc":{"start":{"line":61,"column":11},"end":{"line":61,"column":36}},"type":"binary-expr","locations":[{"start":{"line":61,"column":11},"end":{"line":61,"column":19}},{"start":{"line":61,"column":23},"end":{"line":61,"column":36}}],"line":61}},"s":{"0":2,"1":4,"2":2,"3":4,"4":2,"5":2,"6":2,"7":0,"8":2,"9":2},"f":{"0":2,"1":4,"2":4,"3":0,"4":2},"b":{"0":[2,2,0],"1":[2,0],"2":[0,2],"3":[2,2]},"_coverageSchema":"1a1c01bbd47fc00a2c39e90264f33305004495a9","hash":"a28377a14b760f89cb61a2b217947dbba1116161"}
,"/Users/clement/webDevelopmentLearning/oneLastDaceBeforeDance/AFullBlowReactRevision/React_deep_dive/03-Intro-to-React-ecosystem/src/components/RestaurantCard.js": {"path":"/Users/clement/webDevelopmentLearning/oneLastDaceBeforeDance/AFullBlowReactRevision/React_deep_dive/03-Intro-to-React-ecosystem/src/components/RestaurantCard.js","statementMap":{"0":{"start":{"line":6,"column":23},"end":{"line":39,"column":1}},"1":{"start":{"line":9,"column":4},"end":{"line":9,"column":11}},"2":{"start":{"line":11,"column":27},"end":{"line":11,"column":30}},"3":{"start":{"line":12,"column":2},"end":{"line":38,"column":4}},"4":{"start":{"line":44,"column":31},"end":{"line":55,"column":1}},"5":{"start":{"line":45,"column":2},"end":{"line":54,"column":4}},"6":{"start":{"line":46,"column":4},"end":{"line":53,"column":6}}},"fnMap":{"0":{"name":"(anonymous_0)","decl":{"start":{"line":6,"column":23},"end":{"line":6,"column":24}},"loc":{"start":{"line":6,"column":40},"end":{"line":39,"column":1}},"line":6},"1":{"name":"(anonymous_1)","decl":{"start":{"line":44,"column":31},"end":{"line":44,"column":32}},"loc":{"start":{"line":44,"column":51},"end":{"line":55,"column":1}},"line":44},"2":{"name":"(anonymous_2)","decl":{"start":{"line":45,"column":9},"end":{"line":45,"column":10}},"loc":{"start":{"line":45,"column":20},"end":{"line":54,"column":3}},"line":45}},"branchMap":{"0":{"loc":{"start":{"line":21,"column":15},"end":{"line":21,"column":44}},"type":"cond-expr","locations":[{"start":{"line":21,"column":27},"end":{"line":21,"column":36}},{"start":{"line":21,"column":39},"end":{"line":21,"column":44}}],"line":21},"1":{"loc":{"start":{"line":22,"column":15},"end":{"line":28,"column":15}},"type":"cond-expr","locations":[{"start":{"line":23,"column":16},"end":{"line":25,"column":23}},{"start":{"line":27,"column":16},"end":{"line":27,"column":18}}],"line":22}},"s":{"0":2,"1":77,"2":77,"3":77,"4":2,"5":6,"6":40},"f":{"0":77,"1":6,"2":40},"b":{"0":[77,0],"1":[77,0]},"_coverageSchema":"1a1c01bbd47fc00a2c39e90264f33305004495a9","hash":"8b47e80d2e83e8fc1b7dd322945046353c150afa"}
,"/Users/clement/webDevelopmentLearning/oneLastDaceBeforeDance/AFullBlowReactRevision/React_deep_dive/03-Intro-to-React-ecosystem/src/components/RestaurantsContainer.js": {"path":"/Users/clement/webDevelopmentLearning/oneLastDaceBeforeDance/AFullBlowReactRevision/React_deep_dive/03-Intro-to-React-ecosystem/src/components/RestaurantsContainer.js","statementMap":{"0":{"start":{"line":7,"column":29},"end":{"line":162,"column":1}},"1":{"start":{"line":8,"column":46},"end":{"line":8,"column":60}},"2":{"start":{"line":9,"column":62},"end":{"line":9,"column":76}},"3":{"start":{"line":10,"column":38},"end":{"line":10,"column":52}},"4":{"start":{"line":15,"column":28},"end":{"line":25,"column":3}},"5":{"start":{"line":16,"column":4},"end":{"line":19,"column":5}},"6":{"start":{"line":17,"column":6},"end":{"line":17,"column":38}},"7":{"start":{"line":18,"column":6},"end":{"line":18,"column":13}},"8":{"start":{"line":20,"column":27},"end":{"line":22,"column":5}},"9":{"start":{"line":21,"column":15},"end":{"line":21,"column":40}},"10":{"start":{"line":24,"column":4},"end":{"line":24,"column":46}},"11":{"start":{"line":27,"column":28},"end":{"line":34,"column":3}},"12":{"start":{"line":28,"column":4},"end":{"line":33,"column":5}},"13":{"start":{"line":29,"column":29},"end":{"line":31,"column":7}},"14":{"start":{"line":30,"column":8},"end":{"line":30,"column":77}},"15":{"start":{"line":32,"column":6},"end":{"line":32,"column":48}},"16":{"start":{"line":36,"column":26},"end":{"line":39,"column":3}},"17":{"start":{"line":37,"column":4},"end":{"line":37,"column":22}},"18":{"start":{"line":38,"column":4},"end":{"line":38,"column":46}},"19":{"start":{"line":41,"column":29},"end":{"line":52,"column":3}},"20":{"start":{"line":42,"column":23},"end":{"line":49,"column":6}},"21":{"start":{"line":43,"column":6},"end":{"line":48,"column":26}},"22":{"start":{"line":47,"column":8},"end":{"line":47,"column":20}},"23":{"start":{"line":48,"column":13},"end":{"line":48,"column":26}},"24":{"start":{"line":51,"column":4},"end":{"line":51,"column":42}},"25":{"start":{"line":54,"column":27},"end":{"line":58,"column":3}},"26":{"start":{"line":55,"column":23},"end":{"line":55,"column":71}},"27":{"start":{"line":55,"column":55},"end":{"line":55,"column":70}},"28":{"start":{"line":57,"column":4},"end":{"line":57,"column":42}},"29":{"start":{"line":60,"column":30},"end":{"line":66,"column":3}},"30":{"start":{"line":61,"column":23},"end":{"line":63,"column":5}},"31":{"start":{"line":62,"column":16},"end":{"line":62,"column":51}},"32":{"start":{"line":65,"column":4},"end":{"line":65,"column":42}},"33":{"start":{"line":68,"column":23},"end":{"line":68,"column":40}},"34":{"start":{"line":70,"column":36},"end":{"line":70,"column":67}},"35":{"start":{"line":72,"column":2},"end":{"line":161,"column":4}},"36":{"start":{"line":81,"column":29},"end":{"line":81,"column":58}},"37":{"start":{"line":134,"column":14},"end":{"line":144,"column":15}}},"fnMap":{"0":{"name":"(anonymous_0)","decl":{"start":{"line":7,"column":29},"end":{"line":7,"column":30}},"loc":{"start":{"line":7,"column":43},"end":{"line":162,"column":1}},"line":7},"1":{"name":"(anonymous_1)","decl":{"start":{"line":15,"column":28},"end":{"line":15,"column":29}},"loc":{"start":{"line":15,"column":34},"end":{"line":25,"column":3}},"line":15},"2":{"name":"(anonymous_2)","decl":{"start":{"line":21,"column":6},"end":{"line":21,"column":7}},"loc":{"start":{"line":21,"column":15},"end":{"line":21,"column":40}},"line":21},"3":{"name":"(anonymous_3)","decl":{"start":{"line":27,"column":28},"end":{"line":27,"column":29}},"loc":{"start":{"line":27,"column":34},"end":{"line":34,"column":3}},"line":27},"4":{"name":"(anonymous_4)","decl":{"start":{"line":29,"column":51},"end":{"line":29,"column":52}},"loc":{"start":{"line":30,"column":8},"end":{"line":30,"column":77}},"line":30},"5":{"name":"(anonymous_5)","decl":{"start":{"line":36,"column":26},"end":{"line":36,"column":27}},"loc":{"start":{"line":36,"column":32},"end":{"line":39,"column":3}},"line":36},"6":{"name":"(anonymous_6)","decl":{"start":{"line":41,"column":29},"end":{"line":41,"column":30}},"loc":{"start":{"line":41,"column":35},"end":{"line":52,"column":3}},"line":41},"7":{"name":"(anonymous_7)","decl":{"start":{"line":42,"column":45},"end":{"line":42,"column":46}},"loc":{"start":{"line":42,"column":55},"end":{"line":49,"column":5}},"line":42},"8":{"name":"(anonymous_8)","decl":{"start":{"line":54,"column":27},"end":{"line":54,"column":28}},"loc":{"start":{"line":54,"column":33},"end":{"line":58,"column":3}},"line":54},"9":{"name":"(anonymous_9)","decl":{"start":{"line":55,"column":45},"end":{"line":55,"column":46}},"loc":{"start":{"line":55,"column":55},"end":{"line":55,"column":70}},"line":55},"10":{"name":"(anonymous_10)","decl":{"start":{"line":60,"column":30},"end":{"line":60,"column":31}},"loc":{"start":{"line":60,"column":36},"end":{"line":66,"column":3}},"line":60},"11":{"name":"(anonymous_11)","decl":{"start":{"line":62,"column":6},"end":{"line":62,"column":7}},"loc":{"start":{"line":62,"column":16},"end":{"line":62,"column":51}},"line":62},"12":{"name":"(anonymous_12)","decl":{"start":{"line":81,"column":22},"end":{"line":81,"column":23}},"loc":{"start":{"line":81,"column":29},"end":{"line":81,"column":58}},"line":81},"13":{"name":"(anonymous_13)","decl":{"start":{"line":133,"column":39},"end":{"line":133,"column":40}},"loc":{"start":{"line":134,"column":14},"end":{"line":144,"column":15}},"line":134}},"branchMap":{"0":{"loc":{"start":{"line":16,"column":4},"end":{"line":19,"column":5}},"type":"if","locations":[{"start":{"line":16,"column":4},"end":{"line":19,"column":5}},{"start":{},"end":{}}],"line":16},"1":{"loc":{"start":{"line":28,"column":4},"end":{"line":33,"column":5}},"type":"if","locations":[{"start":{"line":28,"column":4},"end":{"line":33,"column":5}},{"start":{},"end":{}}],"line":28},"2":{"loc":{"start":{"line":43,"column":6},"end":{"line":48,"column":26}},"type":"if","locations":[{"start":{"line":43,"column":6},"end":{"line":48,"column":26}},{"start":{"line":48,"column":13},"end":{"line":48,"column":26}}],"line":43},"3":{"loc":{"start":{"line":44,"column":8},"end":{"line":45,"column":57}},"type":"binary-expr","locations":[{"start":{"line":44,"column":8},"end":{"line":44,"column":57}},{"start":{"line":45,"column":8},"end":{"line":45,"column":57}}],"line":44},"4":{"loc":{"start":{"line":80,"column":19},"end":{"line":80,"column":47}},"type":"cond-expr","locations":[{"start":{"line":80,"column":32},"end":{"line":80,"column":42}},{"start":{"line":80,"column":45},"end":{"line":80,"column":47}}],"line":80},"5":{"loc":{"start":{"line":83,"column":11},"end":{"line":89,"column":11}},"type":"cond-expr","locations":[{"start":{"line":84,"column":12},"end":{"line":86,"column":19}},{"start":{"line":88,"column":12},"end":{"line":88,"column":14}}],"line":83},"6":{"loc":{"start":{"line":101,"column":11},"end":{"line":103,"column":24}},"type":"cond-expr","locations":[{"start":{"line":102,"column":14},"end":{"line":102,"column":25}},{"start":{"line":103,"column":14},"end":{"line":103,"column":24}}],"line":101},"7":{"loc":{"start":{"line":132,"column":11},"end":{"line":150,"column":11}},"type":"cond-expr","locations":[{"start":{"line":133,"column":12},"end":{"line":145,"column":13}},{"start":{"line":147,"column":12},"end":{"line":149,"column":18}}],"line":132},"8":{"loc":{"start":{"line":134,"column":14},"end":{"line":144,"column":15}},"type":"cond-expr","locations":[{"start":{"line":135,"column":16},"end":{"line":138,"column":18}},{"start":{"line":140,"column":16},"end":{"line":143,"column":18}}],"line":134},"9":{"loc":{"start":{"line":153,"column":9},"end":{"line":158,"column":9}},"type":"binary-expr","locations":[{"start":{"line":153,"column":9},"end":{"line":153,"column":22}},{"start":{"line":154,"column":10},"end":{"line":157,"column":16}}],"line":153}},"s":{"0":1,"1":5,"2":5,"3":5,"4":5,"5":1,"6":0,"7":0,"8":1,"9":20,"10":1,"11":5,"12":1,"13":1,"14":20,"15":1,"16":5,"17":0,"18":0,"19":5,"20":0,"21":0,"22":0,"23":0,"24":0,"25":5,"26":0,"27":0,"28":0,"29":5,"30":0,"31":0,"32":0,"33":5,"34":5,"35":5,"36":1,"37":75},"f":{"0":5,"1":1,"2":20,"3":1,"4":20,"5":0,"6":0,"7":0,"8":0,"9":0,"10":0,"11":0,"12":1,"13":75},"b":{"0":[0,1],"1":[1,0],"2":[0,0],"3":[0,0],"4":[2,3],"5":[2,3],"6":[3,2],"7":[5,0],"8":[39,36],"9":[5,0]},"_coverageSchema":"1a1c01bbd47fc00a2c39e90264f33305004495a9","hash":"47c9d7e6fd706e21ce02c7277240fa632a047031"}
,"/Users/clement/webDevelopmentLearning/oneLastDaceBeforeDance/AFullBlowReactRevision/React_deep_dive/03-Intro-to-React-ecosystem/src/utils/constants.js": {"path":"/Users/clement/webDevelopmentLearning/oneLastDaceBeforeDance/AFullBlowReactRevision/React_deep_dive/03-Intro-to-React-ecosystem/src/utils/constants.js","statementMap":{"0":{"start":{"line":2,"column":2},"end":{"line":2,"column":85}}},"fnMap":{},"branchMap":{},"s":{"0":2},"f":{},"b":{},"_coverageSchema":"1a1c01bbd47fc00a2c39e90264f33305004495a9","hash":"930ca49673578ae81397dce5d7ae51bd649408c4"}
,"/Users/clement/webDevelopmentLearning/oneLastDaceBeforeDance/AFullBlowReactRevision/React_deep_dive/03-Intro-to-React-ecosystem/src/utils/Hooks/useOnlineStatus.js": {"path":"/Users/clement/webDevelopmentLearning/oneLastDaceBeforeDance/AFullBlowReactRevision/React_deep_dive/03-Intro-to-React-ecosystem/src/utils/Hooks/useOnlineStatus.js","statementMap":{"0":{"start":{"line":3,"column":24},"end":{"line":13,"column":1}},"1":{"start":{"line":4,"column":42},"end":{"line":4,"column":56}},"2":{"start":{"line":6,"column":2},"end":{"line":10,"column":5}},"3":{"start":{"line":7,"column":4},"end":{"line":7,"column":69}},"4":{"start":{"line":7,"column":45},"end":{"line":7,"column":67}},"5":{"start":{"line":9,"column":4},"end":{"line":9,"column":67}},"6":{"start":{"line":9,"column":44},"end":{"line":9,"column":65}},"7":{"start":{"line":12,"column":2},"end":{"line":12,"column":22}}},"fnMap":{"0":{"name":"(anonymous_0)","decl":{"start":{"line":3,"column":24},"end":{"line":3,"column":25}},"loc":{"start":{"line":3,"column":30},"end":{"line":13,"column":1}},"line":3},"1":{"name":"(anonymous_1)","decl":{"start":{"line":6,"column":12},"end":{"line":6,"column":13}},"loc":{"start":{"line":6,"column":18},"end":{"line":10,"column":3}},"line":6},"2":{"name":"(anonymous_2)","decl":{"start":{"line":7,"column":39},"end":{"line":7,"column":40}},"loc":{"start":{"line":7,"column":45},"end":{"line":7,"column":67}},"line":7},"3":{"name":"(anonymous_3)","decl":{"start":{"line":9,"column":38},"end":{"line":9,"column":39}},"loc":{"start":{"line":9,"column":44},"end":{"line":9,"column":65}},"line":9}},"branchMap":{},"s":{"0":1,"1":5,"2":5,"3":5,"4":0,"5":5,"6":0,"7":5},"f":{"0":5,"1":5,"2":0,"3":0},"b":{},"_coverageSchema":"1a1c01bbd47fc00a2c39e90264f33305004495a9","hash":"c04288067af0dcc69f4d6c1a3f06dd08826d9075"}
,"/Users/clement/webDevelopmentLearning/oneLastDaceBeforeDance/AFullBlowReactRevision/React_deep_dive/03-Intro-to-React-ecosystem/src/utils/store/appStore.js": {"path":"/Users/clement/webDevelopmentLearning/oneLastDaceBeforeDance/AFullBlowReactRevision/React_deep_dive/03-Intro-to-React-ecosystem/src/utils/store/appStore.js","statementMap":{"0":{"start":{"line":5,"column":17},"end":{"line":10,"column":2}}},"fnMap":{},"branchMap":{},"s":{"0":1},"f":{},"b":{},"_coverageSchema":"1a1c01bbd47fc00a2c39e90264f33305004495a9","hash":"b1610bc81195ac33b015fab22735e8a10f9ea32d"}
,"/Users/clement/webDevelopmentLearning/oneLastDaceBeforeDance/AFullBlowReactRevision/React_deep_dive/03-Intro-to-React-ecosystem/src/utils/store/cartSlice.js": {"path":"/Users/clement/webDevelopmentLearning/oneLastDaceBeforeDance/AFullBlowReactRevision/React_deep_dive/03-Intro-to-React-ecosystem/src/utils/store/cartSlice.js","statementMap":{"0":{"start":{"line":3,"column":20},"end":{"line":6,"column":1}},"1":{"start":{"line":7,"column":18},"end":{"line":72,"column":2}},"2":{"start":{"line":12,"column":42},"end":{"line":12,"column":56}},"3":{"start":{"line":14,"column":6},"end":{"line":15,"column":58}},"4":{"start":{"line":14,"column":24},"end":{"line":14,"column":67}},"5":{"start":{"line":15,"column":11},"end":{"line":15,"column":58}},"6":{"start":{"line":15,"column":22},"end":{"line":15,"column":58}},"7":{"start":{"line":17,"column":6},"end":{"line":19,"column":50}},"8":{"start":{"line":18,"column":8},"end":{"line":18,"column":39}},"9":{"start":{"line":19,"column":13},"end":{"line":19,"column":50}},"10":{"start":{"line":22,"column":17},"end":{"line":22,"column":31}},"11":{"start":{"line":23,"column":50},"end":{"line":23,"column":55}},"12":{"start":{"line":25,"column":6},"end":{"line":36,"column":7}},"13":{"start":{"line":26,"column":40},"end":{"line":26,"column":53}},"14":{"start":{"line":27,"column":8},"end":{"line":28,"column":60}},"15":{"start":{"line":27,"column":19},"end":{"line":27,"column":41}},"16":{"start":{"line":28,"column":13},"end":{"line":28,"column":60}},"17":{"start":{"line":28,"column":31},"end":{"line":28,"column":60}},"18":{"start":{"line":30,"column":8},"end":{"line":33,"column":35}},"19":{"start":{"line":31,"column":10},"end":{"line":31,"column":31}},"20":{"start":{"line":32,"column":15},"end":{"line":33,"column":35}},"21":{"start":{"line":33,"column":10},"end":{"line":33,"column":35}},"22":{"start":{"line":35,"column":8},"end":{"line":35,"column":38}},"23":{"start":{"line":39,"column":17},"end":{"line":39,"column":31}},"24":{"start":{"line":40,"column":50},"end":{"line":40,"column":55}},"25":{"start":{"line":42,"column":6},"end":{"line":50,"column":7}},"26":{"start":{"line":43,"column":40},"end":{"line":43,"column":53}},"27":{"start":{"line":45,"column":8},"end":{"line":46,"column":60}},"28":{"start":{"line":45,"column":19},"end":{"line":45,"column":41}},"29":{"start":{"line":46,"column":13},"end":{"line":46,"column":60}},"30":{"start":{"line":46,"column":31},"end":{"line":46,"column":60}},"31":{"start":{"line":48,"column":8},"end":{"line":48,"column":39}},"32":{"start":{"line":49,"column":8},"end":{"line":49,"column":38}},"33":{"start":{"line":53,"column":17},"end":{"line":53,"column":31}},"34":{"start":{"line":54,"column":50},"end":{"line":54,"column":55}},"35":{"start":{"line":56,"column":6},"end":{"line":65,"column":7}},"36":{"start":{"line":57,"column":50},"end":{"line":57,"column":63}},"37":{"start":{"line":59,"column":8},"end":{"line":60,"column":73}},"38":{"start":{"line":59,"column":19},"end":{"line":59,"column":54}},"39":{"start":{"line":60,"column":13},"end":{"line":60,"column":73}},"40":{"start":{"line":60,"column":31},"end":{"line":60,"column":73}},"41":{"start":{"line":62,"column":8},"end":{"line":62,"column":38}},"42":{"start":{"line":64,"column":8},"end":{"line":64,"column":29}},"43":{"start":{"line":68,"column":6},"end":{"line":68,"column":27}},"44":{"start":{"line":69,"column":6},"end":{"line":69,"column":31}},"45":{"start":{"line":80,"column":4},"end":{"line":80,"column":21}}},"fnMap":{"0":{"name":"(anonymous_0)","decl":{"start":{"line":11,"column":17},"end":{"line":11,"column":18}},"loc":{"start":{"line":11,"column":36},"end":{"line":20,"column":5}},"line":11},"1":{"name":"(anonymous_1)","decl":{"start":{"line":21,"column":20},"end":{"line":21,"column":21}},"loc":{"start":{"line":21,"column":39},"end":{"line":37,"column":5}},"line":21},"2":{"name":"(anonymous_2)","decl":{"start":{"line":38,"column":22},"end":{"line":38,"column":23}},"loc":{"start":{"line":38,"column":41},"end":{"line":51,"column":5}},"line":38},"3":{"name":"(anonymous_3)","decl":{"start":{"line":52,"column":20},"end":{"line":52,"column":21}},"loc":{"start":{"line":52,"column":39},"end":{"line":66,"column":5}},"line":52},"4":{"name":"(anonymous_4)","decl":{"start":{"line":67,"column":20},"end":{"line":67,"column":21}},"loc":{"start":{"line":67,"column":31},"end":{"line":70,"column":5}},"line":67}},"branchMap":{"0":{"loc":{"start":{"line":14,"column":6},"end":{"line":15,"column":58}},"type":"if","locations":[{"start":{"line":14,"column":6},"end":{"line":15,"column":58}},{"start":{"line":15,"column":11},"end":{"line":15,"column":58}}],"line":14},"1":{"loc":{"start":{"line":15,"column":11},"end":{"line":15,"column":58}},"type":"if","locations":[{"start":{"line":15,"column":11},"end":{"line":15,"column":58}},{"start":{},"end":{}}],"line":15},"2":{"loc":{"start":{"line":17,"column":6},"end":{"line":19,"column":50}},"type":"if","locations":[{"start":{"line":17,"column":6},"end":{"line":19,"column":50}},{"start":{"line":19,"column":13},"end":{"line":19,"column":50}}],"line":17},"3":{"loc":{"start":{"line":25,"column":6},"end":{"line":36,"column":7}},"type":"if","locations":[{"start":{"line":25,"column":6},"end":{"line":36,"column":7}},{"start":{},"end":{}}],"line":25},"4":{"loc":{"start":{"line":25,"column":10},"end":{"line":25,"column":36}},"type":"binary-expr","locations":[{"start":{"line":25,"column":10},"end":{"line":25,"column":19}},{"start":{"line":25,"column":23},"end":{"line":25,"column":36}}],"line":25},"5":{"loc":{"start":{"line":27,"column":8},"end":{"line":28,"column":60}},"type":"if","locations":[{"start":{"line":27,"column":8},"end":{"line":28,"column":60}},{"start":{"line":28,"column":13},"end":{"line":28,"column":60}}],"line":27},"6":{"loc":{"start":{"line":28,"column":13},"end":{"line":28,"column":60}},"type":"if","locations":[{"start":{"line":28,"column":13},"end":{"line":28,"column":60}},{"start":{},"end":{}}],"line":28},"7":{"loc":{"start":{"line":30,"column":8},"end":{"line":33,"column":35}},"type":"if","locations":[{"start":{"line":30,"column":8},"end":{"line":33,"column":35}},{"start":{"line":32,"column":15},"end":{"line":33,"column":35}}],"line":30},"8":{"loc":{"start":{"line":30,"column":12},"end":{"line":30,"column":56}},"type":"binary-expr","locations":[{"start":{"line":30,"column":12},"end":{"line":30,"column":25}},{"start":{"line":30,"column":29},"end":{"line":30,"column":56}}],"line":30},"9":{"loc":{"start":{"line":32,"column":15},"end":{"line":33,"column":35}},"type":"if","locations":[{"start":{"line":32,"column":15},"end":{"line":33,"column":35}},{"start":{},"end":{}}],"line":32},"10":{"loc":{"start":{"line":32,"column":19},"end":{"line":32,"column":62}},"type":"binary-expr","locations":[{"start":{"line":32,"column":19},"end":{"line":32,"column":32}},{"start":{"line":32,"column":36},"end":{"line":32,"column":62}}],"line":32},"11":{"loc":{"start":{"line":42,"column":6},"end":{"line":50,"column":7}},"type":"if","locations":[{"start":{"line":42,"column":6},"end":{"line":50,"column":7}},{"start":{},"end":{}}],"line":42},"12":{"loc":{"start":{"line":42,"column":10},"end":{"line":42,"column":36}},"type":"binary-expr","locations":[{"start":{"line":42,"column":10},"end":{"line":42,"column":19}},{"start":{"line":42,"column":23},"end":{"line":42,"column":36}}],"line":42},"13":{"loc":{"start":{"line":45,"column":8},"end":{"line":46,"column":60}},"type":"if","locations":[{"start":{"line":45,"column":8},"end":{"line":46,"column":60}},{"start":{"line":46,"column":13},"end":{"line":46,"column":60}}],"line":45},"14":{"loc":{"start":{"line":46,"column":13},"end":{"line":46,"column":60}},"type":"if","locations":[{"start":{"line":46,"column":13},"end":{"line":46,"column":60}},{"start":{},"end":{}}],"line":46},"15":{"loc":{"start":{"line":56,"column":6},"end":{"line":65,"column":7}},"type":"if","locations":[{"start":{"line":56,"column":6},"end":{"line":65,"column":7}},{"start":{},"end":{}}],"line":56},"16":{"loc":{"start":{"line":56,"column":10},"end":{"line":56,"column":36}},"type":"binary-expr","locations":[{"start":{"line":56,"column":10},"end":{"line":56,"column":19}},{"start":{"line":56,"column":23},"end":{"line":56,"column":36}}],"line":56},"17":{"loc":{"start":{"line":59,"column":8},"end":{"line":60,"column":73}},"type":"if","locations":[{"start":{"line":59,"column":8},"end":{"line":60,"column":73}},{"start":{"line":60,"column":13},"end":{"line":60,"column":73}}],"line":59},"18":{"loc":{"start":{"line":60,"column":13},"end":{"line":60,"column":73}},"type":"if","locations":[{"start":{"line":60,"column":13},"end":{"line":60,"column":73}},{"start":{},"end":{}}],"line":60}},"s":{"0":1,"1":1,"2":0,"3":0,"4":0,"5":0,"6":0,"7":0,"8":0,"9":0,"10":0,"11":0,"12":0,"13":0,"14":0,"15":0,"16":0,"17":0,"18":0,"19":0,"20":0,"21":0,"22":0,"23":0,"24":0,"25":0,"26":0,"27":0,"28":0,"29":0,"30":0,"31":0,"32":0,"33":0,"34":0,"35":0,"36":0,"37":0,"38":0,"39":0,"40":0,"41":0,"42":0,"43":0,"44":0,"45":1},"f":{"0":0,"1":0,"2":0,"3":0,"4":0},"b":{"0":[0,0],"1":[0,0],"2":[0,0],"3":[0,0],"4":[0,0],"5":[0,0],"6":[0,0],"7":[0,0],"8":[0,0],"9":[0,0],"10":[0,0],"11":[0,0],"12":[0,0],"13":[0,0],"14":[0,0],"15":[0,0],"16":[0,0],"17":[0,0],"18":[0,0]},"_coverageSchema":"1a1c01bbd47fc00a2c39e90264f33305004495a9","hash":"50f344754a875cbac7033f5551c5ea0c5f025e3c"}
,"/Users/clement/webDevelopmentLearning/oneLastDaceBeforeDance/AFullBlowReactRevision/React_deep_dive/03-Intro-to-React-ecosystem/src/utils/store/userSlice.js": {"path":"/Users/clement/webDevelopmentLearning/oneLastDaceBeforeDance/AFullBlowReactRevision/React_deep_dive/03-Intro-to-React-ecosystem/src/utils/store/userSlice.js","statementMap":{"0":{"start":{"line":3,"column":18},"end":{"line":18,"column":2}},"1":{"start":{"line":10,"column":6},"end":{"line":10,"column":38}},"2":{"start":{"line":14,"column":6},"end":{"line":14,"column":26}},"3":{"start":{"line":21,"column":41},"end":{"line":21,"column":58}}},"fnMap":{"0":{"name":"(anonymous_0)","decl":{"start":{"line":9,"column":15},"end":{"line":9,"column":16}},"loc":{"start":{"line":9,"column":34},"end":{"line":12,"column":5}},"line":9},"1":{"name":"(anonymous_1)","decl":{"start":{"line":13,"column":16},"end":{"line":13,"column":17}},"loc":{"start":{"line":13,"column":35},"end":{"line":16,"column":5}},"line":13}},"branchMap":{},"s":{"0":1,"1":0,"2":0,"3":1},"f":{"0":0,"1":0},"b":{},"_coverageSchema":"1a1c01bbd47fc00a2c39e90264f33305004495a9","hash":"8e8ceb45a19e51bbe38ea2269c77a42debe3cf2c"}
}
