TN:
SF:src/Dummy/sum.js
FN:1,(anonymous_0)
FNF:1
FNH:1
FNDA:1,(anonymous_0)
DA:1,1
DA:2,1
LF:2
LH:2
BRF:0
BRH:0
end_of_record
TN:
SF:src/asset/index.js
FNF:0
FNH:0
LF:0
LH:0
BRF:0
BRH:0
end_of_record
TN:
SF:src/components/About.js
FN:3,(anonymous_0)
FNF:1
FNH:1
FNDA:3,(anonymous_0)
DA:3,1
DA:4,3
LF:2
LH:2
BRF:0
BRH:0
end_of_record
TN:
SF:src/components/Cart.js
FN:8,(anonymous_0)
FN:9,(anonymous_1)
FN:10,(anonymous_2)
FN:13,(anonymous_3)
FN:21,(anonymous_4)
FNF:5
FNH:5
FNDA:15,(anonymous_0)
FNDA:26,(anonymous_1)
FNDA:26,(anonymous_2)
FNDA:4,(anonymous_3)
FNDA:1,(anonymous_4)
DA:8,1
DA:9,26
DA:10,26
DA:11,15
DA:13,15
DA:14,4
DA:17,15
DA:19,15
DA:21,15
DA:22,1
DA:26,15
DA:38,15
DA:40,15
DA:41,19
DA:45,15
DA:73,15
LF:16
LH:16
BRDA:14,0,0,4
BRDA:14,0,1,0
BRDA:75,1,0,5
BRDA:75,1,1,10
BRF:4
BRH:3
end_of_record
TN:
SF:src/components/CartItem.js
FN:11,(anonymous_0)
FN:18,(anonymous_1)
FN:23,(anonymous_2)
FN:28,(anonymous_3)
FN:64,(anonymous_4)
FN:75,(anonymous_5)
FNF:6
FNH:1
FNDA:19,(anonymous_0)
FNDA:0,(anonymous_1)
FNDA:0,(anonymous_2)
FNDA:0,(anonymous_3)
FNDA:0,(anonymous_4)
FNDA:0,(anonymous_5)
DA:11,1
DA:12,19
DA:13,19
DA:14,19
DA:16,19
DA:18,19
DA:19,0
DA:20,0
DA:23,19
DA:24,0
DA:25,0
DA:28,19
DA:29,0
DA:32,19
DA:64,0
DA:75,0
LF:16
LH:9
BRDA:38,0,0,19
BRDA:38,0,1,0
BRDA:53,1,0,19
BRDA:53,1,1,19
BRF:4
BRH:3
end_of_record
TN:
SF:src/components/Header.js
FN:6,(anonymous_0)
FN:7,(anonymous_1)
FN:8,(anonymous_2)
FN:13,(anonymous_3)
FN:45,(anonymous_4)
FNF:5
FNH:4
FNDA:15,(anonymous_0)
FNDA:30,(anonymous_1)
FNDA:30,(anonymous_2)
FNDA:0,(anonymous_3)
FNDA:21,(anonymous_4)
DA:7,30
DA:8,30
DA:10,15
DA:11,15
DA:13,15
DA:14,0
DA:17,15
DA:45,21
LF:8
LH:7
BRDA:28,0,0,15
BRDA:28,0,1,15
BRDA:28,0,2,1
BRDA:45,1,0,5
BRDA:45,1,1,16
BRDA:65,2,0,1
BRDA:65,2,1,14
BRDA:65,3,0,15
BRDA:65,3,1,15
BRF:9
BRH:9
end_of_record
TN:
SF:src/components/Login.js
FN:6,(anonymous_0)
FN:8,(anonymous_1)
FN:11,(anonymous_2)
FN:17,(anonymous_3)
FNF:4
FNH:4
FNDA:4,(anonymous_0)
FNDA:6,(anonymous_1)
FNDA:2,(anonymous_2)
FNDA:1,(anonymous_3)
DA:6,1
DA:7,4
DA:8,6
DA:9,4
DA:11,4
DA:12,2
DA:13,1
DA:17,4
DA:18,1
DA:19,1
DA:20,1
DA:21,1
DA:22,1
DA:23,1
DA:25,1
DA:28,4
LF:16
LH:16
BRDA:12,0,0,1
BRDA:12,0,1,1
BRDA:12,1,0,2
BRDA:12,1,1,2
BRF:4
BRH:4
end_of_record
TN:
SF:src/components/MenuContainer.js
FN:6,(anonymous_0)
FN:9,(anonymous_1)
FN:70,(anonymous_2)
FN:77,(anonymous_3)
FN:78,(anonymous_4)
FNF:5
FNH:4
FNDA:7,(anonymous_0)
FNDA:0,(anonymous_1)
FNDA:154,(anonymous_2)
FNDA:3,(anonymous_3)
FNDA:3,(anonymous_4)
DA:6,1
DA:7,7
DA:9,7
DA:11,7
DA:13,7
DA:24,7
DA:26,7
DA:27,7
DA:71,154
DA:78,3
DA:79,3
DA:80,3
LF:12
LH:12
BRDA:49,0,0,7
BRDA:49,0,1,0
BRDA:50,1,0,7
BRDA:50,1,1,0
BRDA:79,2,0,0
BRDA:79,2,1,3
BRF:6
BRH:3
end_of_record
TN:
SF:src/components/MenuItem.js
FN:7,(anonymous_0)
FN:25,(anonymous_1)
FN:84,(anonymous_2)
FNF:3
FNH:2
FNDA:67,(anonymous_0)
FNDA:6,(anonymous_1)
FNDA:0,(anonymous_2)
DA:7,1
DA:8,67
DA:9,67
DA:21,67
DA:23,67
DA:25,67
DA:26,6
DA:35,6
DA:36,6
DA:39,67
DA:84,0
LF:11
LH:10
BRDA:43,0,0,67
BRDA:43,0,1,0
BRDA:46,1,0,67
BRDA:46,1,1,0
BRDA:50,2,0,43
BRDA:50,2,1,24
BRDA:56,3,0,43
BRDA:56,3,1,43
BRDA:58,4,0,43
BRDA:58,4,1,43
BRDA:64,5,0,67
BRDA:64,5,1,63
BRDA:70,6,0,40
BRDA:70,6,1,27
BRF:14
BRH:12
end_of_record
TN:
SF:src/components/MenuItems.js
FN:4,(anonymous_0)
FN:5,(anonymous_1)
FN:36,(anonymous_2)
FNF:3
FNH:3
FNDA:154,(anonymous_0)
FNDA:3,(anonymous_1)
FNDA:61,(anonymous_2)
DA:4,1
DA:5,154
DA:6,3
DA:8,154
DA:37,61
LF:5
LH:5
BRDA:9,0,0,154
BRDA:9,0,1,147
BRDA:27,1,0,7
BRDA:27,1,1,140
BRDA:35,2,0,147
BRDA:35,2,1,7
BRF:6
BRH:6
end_of_record
TN:
SF:src/components/RestaurantCard.js
FN:6,(anonymous_0)
FN:44,(anonymous_1)
FN:45,(anonymous_2)
FNF:3
FNH:3
FNDA:77,(anonymous_0)
FNDA:6,(anonymous_1)
FNDA:40,(anonymous_2)
DA:6,2
DA:9,77
DA:11,77
DA:12,77
DA:44,2
DA:45,6
DA:46,40
LF:7
LH:7
BRDA:21,0,0,77
BRDA:21,0,1,0
BRDA:22,1,0,77
BRDA:22,1,1,0
BRF:4
BRH:2
end_of_record
TN:
SF:src/components/RestaurantsContainer.js
FN:7,(anonymous_0)
FN:15,(anonymous_1)
FN:21,(anonymous_2)
FN:27,(anonymous_3)
FN:29,(anonymous_4)
FN:36,(anonymous_5)
FN:41,(anonymous_6)
FN:42,(anonymous_7)
FN:54,(anonymous_8)
FN:55,(anonymous_9)
FN:60,(anonymous_10)
FN:62,(anonymous_11)
FN:81,(anonymous_12)
FN:133,(anonymous_13)
FNF:14
FNH:7
FNDA:5,(anonymous_0)
FNDA:1,(anonymous_1)
FNDA:20,(anonymous_2)
FNDA:1,(anonymous_3)
FNDA:20,(anonymous_4)
FNDA:0,(anonymous_5)
FNDA:0,(anonymous_6)
FNDA:0,(anonymous_7)
FNDA:0,(anonymous_8)
FNDA:0,(anonymous_9)
FNDA:0,(anonymous_10)
FNDA:0,(anonymous_11)
FNDA:1,(anonymous_12)
FNDA:75,(anonymous_13)
DA:7,1
DA:8,5
DA:9,5
DA:10,5
DA:15,5
DA:16,1
DA:17,0
DA:18,0
DA:20,1
DA:21,20
DA:24,1
DA:27,5
DA:28,1
DA:29,1
DA:30,20
DA:32,1
DA:36,5
DA:37,0
DA:38,0
DA:41,5
DA:42,0
DA:43,0
DA:47,0
DA:48,0
DA:51,0
DA:54,5
DA:55,0
DA:57,0
DA:60,5
DA:61,0
DA:62,0
DA:65,0
DA:68,5
DA:70,5
DA:72,5
DA:81,1
DA:134,75
LF:37
LH:23
BRDA:16,0,0,0
BRDA:16,0,1,1
BRDA:28,1,0,1
BRDA:28,1,1,0
BRDA:43,2,0,0
BRDA:43,2,1,0
BRDA:44,3,0,0
BRDA:44,3,1,0
BRDA:80,4,0,2
BRDA:80,4,1,3
BRDA:83,5,0,2
BRDA:83,5,1,3
BRDA:101,6,0,3
BRDA:101,6,1,2
BRDA:132,7,0,5
BRDA:132,7,1,0
BRDA:134,8,0,39
BRDA:134,8,1,36
BRDA:153,9,0,5
BRDA:153,9,1,0
BRF:20
BRH:12
end_of_record
TN:
SF:src/utils/constants.js
FNF:0
FNH:0
DA:2,3
LF:1
LH:1
BRF:0
BRH:0
end_of_record
TN:
SF:src/utils/Hooks/useOnlineStatus.js
FN:3,(anonymous_0)
FN:6,(anonymous_1)
FN:7,(anonymous_2)
FN:9,(anonymous_3)
FNF:4
FNH:2
FNDA:5,(anonymous_0)
FNDA:5,(anonymous_1)
FNDA:0,(anonymous_2)
FNDA:0,(anonymous_3)
DA:3,1
DA:4,5
DA:6,5
DA:7,5
DA:9,5
DA:12,5
LF:6
LH:6
BRF:0
BRH:0
end_of_record
TN:
SF:src/utils/store/appStore.js
FNF:0
FNH:0
DA:5,3
LF:1
LH:1
BRF:0
BRH:0
end_of_record
TN:
SF:src/utils/store/cartSlice.js
FN:11,(anonymous_0)
FN:21,(anonymous_1)
FN:38,(anonymous_2)
FN:52,(anonymous_3)
FN:67,(anonymous_4)
FNF:5
FNH:2
FNDA:6,(anonymous_0)
FNDA:0,(anonymous_1)
FNDA:0,(anonymous_2)
FNDA:0,(anonymous_3)
FNDA:1,(anonymous_4)
DA:3,3
DA:7,3
DA:12,6
DA:14,6
DA:15,0
DA:17,6
DA:18,4
DA:19,2
DA:22,0
DA:23,0
DA:25,0
DA:26,0
DA:27,0
DA:28,0
DA:30,0
DA:31,0
DA:32,0
DA:33,0
DA:35,0
DA:39,0
DA:40,0
DA:42,0
DA:43,0
DA:45,0
DA:46,0
DA:48,0
DA:49,0
DA:53,0
DA:54,0
DA:56,0
DA:57,0
DA:59,0
DA:60,0
DA:62,0
DA:64,0
DA:68,1
DA:69,1
DA:80,3
LF:38
LH:10
BRDA:14,0,0,6
BRDA:14,0,1,0
BRDA:15,1,0,0
BRDA:15,1,1,0
BRDA:17,2,0,4
BRDA:17,2,1,2
BRDA:25,3,0,0
BRDA:25,3,1,0
BRDA:25,4,0,0
BRDA:25,4,1,0
BRDA:27,5,0,0
BRDA:27,5,1,0
BRDA:28,6,0,0
BRDA:28,6,1,0
BRDA:30,7,0,0
BRDA:30,7,1,0
BRDA:30,8,0,0
BRDA:30,8,1,0
BRDA:32,9,0,0
BRDA:32,9,1,0
BRDA:32,10,0,0
BRDA:32,10,1,0
BRDA:42,11,0,0
BRDA:42,11,1,0
BRDA:42,12,0,0
BRDA:42,12,1,0
BRDA:45,13,0,0
BRDA:45,13,1,0
BRDA:46,14,0,0
BRDA:46,14,1,0
BRDA:56,15,0,0
BRDA:56,15,1,0
BRDA:56,16,0,0
BRDA:56,16,1,0
BRDA:59,17,0,0
BRDA:59,17,1,0
BRDA:60,18,0,0
BRDA:60,18,1,0
BRF:38
BRH:3
end_of_record
TN:
SF:src/utils/store/userSlice.js
FN:9,(anonymous_0)
FN:13,(anonymous_1)
FNF:2
FNH:1
FNDA:1,(anonymous_0)
FNDA:0,(anonymous_1)
DA:3,3
DA:10,1
DA:14,0
DA:21,3
LF:4
LH:3
BRF:0
BRH:0
end_of_record
