TN:
SF:src/Dummy/sum.js
FN:1,(anonymous_0)
FNF:1
FNH:1
FNDA:1,(anonymous_0)
DA:1,1
DA:2,1
LF:2
LH:2
BRF:0
BRH:0
end_of_record
TN:
SF:src/asset/index.js
FNF:0
FNH:0
LF:0
LH:0
BRF:0
BRH:0
end_of_record
TN:
SF:src/components/About.js
FN:3,(anonymous_0)
FNF:1
FNH:1
FNDA:3,(anonymous_0)
DA:3,1
DA:4,3
LF:2
LH:2
BRF:0
BRH:0
end_of_record
TN:
SF:src/components/Header.js
FN:6,(anonymous_0)
FN:7,(anonymous_1)
FN:8,(anonymous_2)
FN:13,(anonymous_3)
FN:42,(anonymous_4)
FNF:5
FNH:4
FNDA:2,(anonymous_0)
FNDA:4,(anonymous_1)
FNDA:4,(anonymous_2)
FNDA:0,(anonymous_3)
FNDA:2,(anonymous_4)
DA:7,4
DA:8,4
DA:10,2
DA:11,2
DA:13,2
DA:14,0
DA:17,2
DA:42,2
LF:8
LH:7
BRDA:28,0,0,2
BRDA:28,0,1,2
BRDA:28,0,2,0
BRDA:42,1,0,2
BRDA:42,1,1,0
BRDA:61,2,0,0
BRDA:61,2,1,2
BRDA:61,3,0,2
BRDA:61,3,1,2
BRF:9
BRH:6
end_of_record
TN:
SF:src/components/RestaurantCard.js
FN:6,(anonymous_0)
FN:44,(anonymous_1)
FN:45,(anonymous_2)
FNF:3
FNH:3
FNDA:77,(anonymous_0)
FNDA:6,(anonymous_1)
FNDA:40,(anonymous_2)
DA:6,2
DA:9,77
DA:11,77
DA:12,77
DA:44,2
DA:45,6
DA:46,40
LF:7
LH:7
BRDA:21,0,0,77
BRDA:21,0,1,0
BRDA:22,1,0,77
BRDA:22,1,1,0
BRF:4
BRH:2
end_of_record
TN:
SF:src/components/RestaurantsContainer.js
FN:7,(anonymous_0)
FN:15,(anonymous_1)
FN:21,(anonymous_2)
FN:27,(anonymous_3)
FN:29,(anonymous_4)
FN:36,(anonymous_5)
FN:41,(anonymous_6)
FN:42,(anonymous_7)
FN:54,(anonymous_8)
FN:55,(anonymous_9)
FN:60,(anonymous_10)
FN:62,(anonymous_11)
FN:81,(anonymous_12)
FN:133,(anonymous_13)
FNF:14
FNH:7
FNDA:5,(anonymous_0)
FNDA:1,(anonymous_1)
FNDA:20,(anonymous_2)
FNDA:1,(anonymous_3)
FNDA:20,(anonymous_4)
FNDA:0,(anonymous_5)
FNDA:0,(anonymous_6)
FNDA:0,(anonymous_7)
FNDA:0,(anonymous_8)
FNDA:0,(anonymous_9)
FNDA:0,(anonymous_10)
FNDA:0,(anonymous_11)
FNDA:1,(anonymous_12)
FNDA:75,(anonymous_13)
DA:7,1
DA:8,5
DA:9,5
DA:10,5
DA:15,5
DA:16,1
DA:17,0
DA:18,0
DA:20,1
DA:21,20
DA:24,1
DA:27,5
DA:28,1
DA:29,1
DA:30,20
DA:32,1
DA:36,5
DA:37,0
DA:38,0
DA:41,5
DA:42,0
DA:43,0
DA:47,0
DA:48,0
DA:51,0
DA:54,5
DA:55,0
DA:57,0
DA:60,5
DA:61,0
DA:62,0
DA:65,0
DA:68,5
DA:70,5
DA:72,5
DA:81,1
DA:134,75
LF:37
LH:23
BRDA:16,0,0,0
BRDA:16,0,1,1
BRDA:28,1,0,1
BRDA:28,1,1,0
BRDA:43,2,0,0
BRDA:43,2,1,0
BRDA:44,3,0,0
BRDA:44,3,1,0
BRDA:80,4,0,2
BRDA:80,4,1,3
BRDA:83,5,0,2
BRDA:83,5,1,3
BRDA:101,6,0,3
BRDA:101,6,1,2
BRDA:132,7,0,5
BRDA:132,7,1,0
BRDA:134,8,0,39
BRDA:134,8,1,36
BRDA:153,9,0,5
BRDA:153,9,1,0
BRF:20
BRH:12
end_of_record
TN:
SF:src/utils/constants.js
FNF:0
FNH:0
DA:2,2
LF:1
LH:1
BRF:0
BRH:0
end_of_record
TN:
SF:src/utils/Hooks/useOnlineStatus.js
FN:3,(anonymous_0)
FN:6,(anonymous_1)
FN:7,(anonymous_2)
FN:9,(anonymous_3)
FNF:4
FNH:2
FNDA:5,(anonymous_0)
FNDA:5,(anonymous_1)
FNDA:0,(anonymous_2)
FNDA:0,(anonymous_3)
DA:3,1
DA:4,5
DA:6,5
DA:7,5
DA:9,5
DA:12,5
LF:6
LH:6
BRF:0
BRH:0
end_of_record
TN:
SF:src/utils/store/appStore.js
FNF:0
FNH:0
DA:5,1
LF:1
LH:1
BRF:0
BRH:0
end_of_record
TN:
SF:src/utils/store/cartSlice.js
FN:11,(anonymous_0)
FN:21,(anonymous_1)
FN:38,(anonymous_2)
FN:52,(anonymous_3)
FN:67,(anonymous_4)
FNF:5
FNH:0
FNDA:0,(anonymous_0)
FNDA:0,(anonymous_1)
FNDA:0,(anonymous_2)
FNDA:0,(anonymous_3)
FNDA:0,(anonymous_4)
DA:3,1
DA:7,1
DA:12,0
DA:14,0
DA:15,0
DA:17,0
DA:18,0
DA:19,0
DA:22,0
DA:23,0
DA:25,0
DA:26,0
DA:27,0
DA:28,0
DA:30,0
DA:31,0
DA:32,0
DA:33,0
DA:35,0
DA:39,0
DA:40,0
DA:42,0
DA:43,0
DA:45,0
DA:46,0
DA:48,0
DA:49,0
DA:53,0
DA:54,0
DA:56,0
DA:57,0
DA:59,0
DA:60,0
DA:62,0
DA:64,0
DA:68,0
DA:69,0
DA:80,1
LF:38
LH:3
BRDA:14,0,0,0
BRDA:14,0,1,0
BRDA:15,1,0,0
BRDA:15,1,1,0
BRDA:17,2,0,0
BRDA:17,2,1,0
BRDA:25,3,0,0
BRDA:25,3,1,0
BRDA:25,4,0,0
BRDA:25,4,1,0
BRDA:27,5,0,0
BRDA:27,5,1,0
BRDA:28,6,0,0
BRDA:28,6,1,0
BRDA:30,7,0,0
BRDA:30,7,1,0
BRDA:30,8,0,0
BRDA:30,8,1,0
BRDA:32,9,0,0
BRDA:32,9,1,0
BRDA:32,10,0,0
BRDA:32,10,1,0
BRDA:42,11,0,0
BRDA:42,11,1,0
BRDA:42,12,0,0
BRDA:42,12,1,0
BRDA:45,13,0,0
BRDA:45,13,1,0
BRDA:46,14,0,0
BRDA:46,14,1,0
BRDA:56,15,0,0
BRDA:56,15,1,0
BRDA:56,16,0,0
BRDA:56,16,1,0
BRDA:59,17,0,0
BRDA:59,17,1,0
BRDA:60,18,0,0
BRDA:60,18,1,0
BRF:38
BRH:0
end_of_record
TN:
SF:src/utils/store/userSlice.js
FN:9,(anonymous_0)
FN:13,(anonymous_1)
FNF:2
FNH:0
FNDA:0,(anonymous_0)
FNDA:0,(anonymous_1)
DA:3,1
DA:10,0
DA:14,0
DA:21,1
LF:4
LH:2
BRF:0
BRH:0
end_of_record
